This is pdfTeXk, Version 3.141592-1.40.3 (Web2C 7.5.6) (format=pdflatex 2013.11.20)  18 JUN 2014 16:04
entering extended mode
 %&-line parsing enabled.
**letter_to_QCDSF.tex
(./letter_to_QCDSF.tex
LaTeX2e <2005/12/01>
Babel <v3.8h> and hyphenation patterns for english, usenglishmax, dumylang, noh
yphenation, arabic, basque, bulgarian, coptic, welsh, czech, slovak, german, ng
erman, danish, esperanto, spanish, catalan, galician, estonian, farsi, finnish,
 french, greek, monogreek, ancientgreek, croatian, hungarian, interlingua, ibyc
us, indonesian, icelandic, italian, latin, mongolian, dutch, norsk, polish, por
tuguese, pinyin, romanian, russian, slovenian, uppersorbian, serbian, swedish, 
turkish, ukenglish, ukrainian, loaded.
(/usr/share/texmf/tex/latex/base/article.cls
Document Class: article 2005/09/16 v1.4f Standard LaTeX document class
(/usr/share/texmf/tex/latex/base/size10.clo
File: size10.clo 2005/09/16 v1.4f Standard LaTeX file (size option)
)
\c@part=\count79
\c@section=\count80
\c@subsection=\count81
\c@subsubsection=\count82
\c@paragraph=\count83
\c@subparagraph=\count84
\c@figure=\count85
\c@table=\count86
\abovecaptionskip=\skip41
\belowcaptionskip=\skip42
\bibindent=\dimen102
)
(/usr/share/texmf/tex/latex/float/float.sty
Package: float 2001/11/08 v1.3d Float enhancements (AL)
\c@float@type=\count87
\float@exts=\toks14
\float@box=\box26
\@float@everytoks=\toks15
\@floatcapt=\box27
)
(/usr/share/texmf/tex/latex/ifp/fullpage.sty
Fullpage style Version 1.0
) (/usr/share/texmf/tex/latex/ltxmisc/parskip.sty
Package: parskip 2001/04/09 non-zero parskip adjustments
)
(/usr/share/texmf/tex/latex/mh/mathtools.sty
Package: mathtools 2004/10/10 v1.01a mathematical typesetting tools (MH)

(/usr/share/texmf/tex/latex/graphics/keyval.sty
Package: keyval 1999/03/16 v1.13 key=value parser (DPC)
\KV@toks@=\toks16
)
(/usr/share/texmf/tex/latex/tools/calc.sty
Package: calc 2005/08/06 v4.2 Infix arithmetic (KKT,FJ)
\calc@Acount=\count88
\calc@Bcount=\count89
\calc@Adimen=\dimen103
\calc@Bdimen=\dimen104
\calc@Askip=\skip43
\calc@Bskip=\skip44
LaTeX Info: Redefining \setlength on input line 75.
LaTeX Info: Redefining \addtolength on input line 76.
\calc@Ccount=\count90
\calc@Cskip=\skip45
)
(/usr/share/texmf/tex/latex/mh/mhsetup.sty
Package: mhsetup 2004/10/10 v1.0b programming setup (MH)
)
(/usr/share/texmf/tex/latex/amsmath/amsmath.sty
Package: amsmath 2000/07/18 v2.13 AMS math features
\@mathmargin=\skip46

For additional information on amsmath, use the `?' option.
(/usr/share/texmf/tex/latex/amsmath/amstext.sty
Package: amstext 2000/06/29 v2.01

(/usr/share/texmf/tex/latex/amsmath/amsgen.sty
File: amsgen.sty 1999/11/30 v2.0
\@emptytoks=\toks17
\ex@=\dimen105
))
(/usr/share/texmf/tex/latex/amsmath/amsbsy.sty
Package: amsbsy 1999/11/29 v1.2d
\pmbraise@=\dimen106
)
(/usr/share/texmf/tex/latex/amsmath/amsopn.sty
Package: amsopn 1999/12/14 v2.01 operator names
)
\inf@bad=\count91
LaTeX Info: Redefining \frac on input line 211.
\uproot@=\count92
\leftroot@=\count93
LaTeX Info: Redefining \overline on input line 307.
\classnum@=\count94
\DOTSCASE@=\count95
LaTeX Info: Redefining \ldots on input line 379.
LaTeX Info: Redefining \dots on input line 382.
LaTeX Info: Redefining \cdots on input line 467.
\Mathstrutbox@=\box28
\strutbox@=\box29
\big@size=\dimen107
LaTeX Font Info:    Redeclaring font encoding OML on input line 567.
LaTeX Font Info:    Redeclaring font encoding OMS on input line 568.
\macc@depth=\count96
\c@MaxMatrixCols=\count97
\dotsspace@=\muskip10
\c@parentequation=\count98
\dspbrk@lvl=\count99
\tag@help=\toks18
\row@=\count100
\column@=\count101
\maxfields@=\count102
\andhelp@=\toks19
\eqnshift@=\dimen108
\alignsep@=\dimen109
\tagshift@=\dimen110
\tagwidth@=\dimen111
\totwidth@=\dimen112
\lineht@=\dimen113
\@envbody=\toks20
\multlinegap=\skip47
\multlinetaggap=\skip48
\mathdisplay@stack=\toks21
LaTeX Info: Redefining \[ on input line 2666.
LaTeX Info: Redefining \] on input line 2667.
)
\g_MT_multlinerow_int=\count103
\l_MT_multwidth_dim=\dimen114
)
(/usr/share/texmf/tex/latex/amsfonts/amssymb.sty
Package: amssymb 2002/01/22 v2.2d

(/usr/share/texmf/tex/latex/amsfonts/amsfonts.sty
Package: amsfonts 2001/10/25 v2.2f
\symAMSa=\mathgroup4
\symAMSb=\mathgroup5
LaTeX Font Info:    Overwriting math alphabet `\mathfrak' in version `bold'
(Font)                  U/euf/m/n --> U/euf/b/n on input line 132.
))
(/usr/share/texmf/tex/latex/carlisle/slashed.sty
Package: slashed 1997/01/16 v0.01 Feynman Slashed Character Notation (DPC)
)
(/usr/share/texmf/tex/latex/fancyhdr/fancyhdr.sty
\fancy@headwidth=\skip49
\f@ncyO@elh=\skip50
\f@ncyO@erh=\skip51
\f@ncyO@olh=\skip52
\f@ncyO@orh=\skip53
\f@ncyO@elf=\skip54
\f@ncyO@erf=\skip55
\f@ncyO@olf=\skip56
\f@ncyO@orf=\skip57
)
(/usr/share/texmf/tex/latex/tools/array.sty
Package: array 2005/08/23 v2.4b Tabular extension package (FMi)
\col@sep=\dimen115
\extrarowheight=\dimen116
\NC@list=\toks22
\extratabsurround=\skip58
\backup@length=\skip59
)
(/usr/share/texmf/tex/latex/geometry/geometry.sty
Package: geometry 2002/07/08 v3.2 Page Geometry
\Gm@cnth=\count104
\Gm@cntv=\count105
\c@Gm@tempcnt=\count106
\Gm@bindingoffset=\dimen117
\Gm@wd@mp=\dimen118
\Gm@odd@mp=\dimen119
\Gm@even@mp=\dimen120
\Gm@dimlist=\toks23
)
(/usr/share/texmf/tex/latex/graphics/graphicx.sty
Package: graphicx 1999/02/16 v1.0f Enhanced LaTeX Graphics (DPC,SPQR)

(/usr/share/texmf/tex/latex/graphics/graphics.sty
Package: graphics 2006/02/20 v1.0o Standard LaTeX Graphics (DPC,SPQR)

(/usr/share/texmf/tex/latex/graphics/trig.sty
Package: trig 1999/03/16 v1.09 sin cos tan (DPC)
)
(/usr/share/texmf/tex/latex/config/graphics.cfg
File: graphics.cfg 2007/01/18 v1.5 graphics configuration of teTeX/TeXLive
)
Package graphics Info: Driver file: pdftex.def on input line 90.

(/usr/share/texmf/tex/latex/pdftex-def/pdftex.def
File: pdftex.def 2007/01/08 v0.04d Graphics/color for pdfTeX
\Gread@gobject=\count107
))
\Gin@req@height=\dimen121
\Gin@req@width=\dimen122
) (./letter_to_QCDSF.aux)
\openout1 = `letter_to_QCDSF.aux'.

LaTeX Font Info:    Checking defaults for OML/cmm/m/it on input line 51.
LaTeX Font Info:    ... okay on input line 51.
LaTeX Font Info:    Checking defaults for T1/cmr/m/n on input line 51.
LaTeX Font Info:    ... okay on input line 51.
LaTeX Font Info:    Checking defaults for OT1/cmr/m/n on input line 51.
LaTeX Font Info:    ... okay on input line 51.
LaTeX Font Info:    Checking defaults for OMS/cmsy/m/n on input line 51.
LaTeX Font Info:    ... okay on input line 51.
LaTeX Font Info:    Checking defaults for OMX/cmex/m/n on input line 51.
LaTeX Font Info:    ... okay on input line 51.
LaTeX Font Info:    Checking defaults for U/cmr/m/n on input line 51.
LaTeX Font Info:    ... okay on input line 51.
-------------------- Geometry parameters
paper: class default
landscape: --
twocolumn: --
twoside: --
asymmetric: --
h-parts: 65.04256pt, 484.20988pt, 65.04256pt
v-parts: 65.04256pt, 664.88487pt, 65.04256pt
hmarginratio: --
vmarginratio: --
lines: --
heightrounded: --
bindingoffset: 0.0pt
truedimen: --
includehead: --
includefoot: --
includemp: --
driver: pdftex
-------------------- Page layout dimensions and switches
\paperwidth  614.295pt
\paperheight 794.96999pt
\textwidth  484.20988pt
\textheight 664.88487pt
\oddsidemargin  -7.22743pt
\evensidemargin -7.22743pt
\topmargin  -44.22743pt
\headheight 12.0pt
\headsep    25.0pt
\footskip   30.0pt
\marginparwidth 65.0pt
\marginparsep   11.0pt
\columnsep  10.0pt
\skip\footins  9.0pt plus 4.0pt minus 2.0pt
\hoffset 0.0pt
\voffset 0.0pt
\mag 1000

(1in=72.27pt, 1cm=28.45pt)
-----------------------
LaTeX Font Info:    Try loading font information for U+msa on input line 64.

(/usr/share/texmf/tex/latex/amsfonts/umsa.fd
File: umsa.fd 2002/01/19 v2.2g AMS font definitions
)
LaTeX Font Info:    Try loading font information for U+msb on input line 64.

(/usr/share/texmf/tex/latex/amsfonts/umsb.fd
File: umsb.fd 2002/01/19 v2.2g AMS font definitions
) [1

{/var/lib/texmf/fonts/map/pdftex/updmap/pdftex.map}] [2]
<mu_over_lambda_analytic.pdf, id=19, 569.12625pt x 549.05125pt>
File: mu_over_lambda_analytic.pdf Graphic file (type pdf)

<use mu_over_lambda_analytic.pdf> [3]
<alpha_of_mu_analytic.pdf, id=23, 569.12625pt x 327.2225pt>
File: alpha_of_mu_analytic.pdf Graphic file (type pdf)

<use alpha_of_mu_analytic.pdf> [4 <./mu_over_lambda_analytic.pdf, page is rotat
ed 90 degrees>]
Missing character: There is no ü in font cmr10!
 [5 <./alpha_of_mu_analytic.pdf, page is rotated 90 degrees>]
(./letter_to_QCDSF.aux) ) 
Here is how much of TeX's memory you used:
 2496 strings out of 256216
 31782 string characters out of 1917071
 92937 words of memory out of 1500000
 5766 multiletter control sequences out of 10000+200000
 7249 words of font info for 28 fonts, out of 1200000 for 2000
 645 hyphenation exceptions out of 8191
 33i,12n,43p,407b,247s stack positions out of 5000i,500n,6000p,200000b,15000s
</usr/share/texmf/fonts/type1/bluesky/cm/cmbx10.pfb></
usr/share/texmf/fonts/type1/bluesky/cm/cmbx12.pfb></usr/share/texmf/fonts/type1
/bluesky/cm/cmex10.pfb></usr/share/texmf/fonts/type1/bluesky/cm/cmmi10.pfb></us
r/share/texmf/fonts/type1/bluesky/cm/cmmi5.pfb></usr/share/texmf/fonts/type1/bl
uesky/cm/cmmi7.pfb></usr/share/texmf/fonts/type1/bluesky/cm/cmr10.pfb></usr/sha
re/texmf/fonts/type1/bluesky/cm/cmr12.pfb></usr/share/texmf/fonts/type1/bluesky
/cm/cmr5.pfb></usr/share/texmf/fonts/type1/bluesky/cm/cmr7.pfb></usr/share/texm
f/fonts/type1/bluesky/cm/cmsl10.pfb></usr/share/texmf/fonts/type1/bluesky/cm/cm
sy10.pfb></usr/share/texmf/fonts/type1/bluesky/cm/cmsy7.pfb></usr/share/texmf/f
onts/type1/bluesky/cm/cmti10.pfb>
Output written on letter_to_QCDSF.pdf (5 pages, 129059 bytes).
PDF statistics:
 164 PDF objects out of 1000 (max. 8388607)
 0 named destinations out of 1000 (max. 131072)
 11 words of extra memory for PDF output out of 10000 (max. 10000000)

